Conversor de Automatos Finitos Nao Deterministicos para Automatos Finitos Deterministicos!!
Favor inserir o nome do arquivo incluindo sua extensão. Ex(afn.jff)
State: 0
 id: 0
 x: 149.0
 y: 69.0
 Type: S

State: 1
 id: 1
 x: 326.0
 y: 65.0
 Type: F

State: 2
 id: 2
 x: 247.0
 y: 176.0
 Type: F

Este Automato ja e' deterministico! Deseja realizar testes ?
s/n ?
Favor entrar com a palavra desejada!
Caso deseja terminar, digite: TERMINAR
Entrada: Palavra não pertence!
Favor entrar com a palavra desejada!
Caso deseja terminar, digite: TERMINAR
Entrada: Palavra pertence!
Favor entrar com a palavra desejada!
Caso deseja terminar, digite: TERMINAR
Entrada: Palavra pertence!
Favor entrar com a palavra desejada!
Caso deseja terminar, digite: TERMINAR
Entrada: Palavra pertence!
Favor entrar com a palavra desejada!
Caso deseja terminar, digite: TERMINAR
Entrada: Palavra pertence!
Favor entrar com a palavra desejada!
Caso deseja terminar, digite: TERMINAR
Entrada: 